d:\reaper_csurf_integrator\windows\reaper_csurf_integrator\reaper_csurf_integrator\release\vc141.pdb
d:\reaper_csurf_integrator\windows\reaper_csurf_integrator\reaper_csurf_integrator\release\main.obj
d:\reaper_csurf_integrator\windows\reaper_csurf_integrator\reaper_csurf_integrator\release\control_surface_integrator_ui.obj
d:\reaper_csurf_integrator\windows\reaper_csurf_integrator\reaper_csurf_integrator\release\control_surface_integrator.obj
d:\reaper_csurf_integrator\windows\reaper_csurf_integrator\release\reaper_csurf_integrator.dll
d:\reaper_csurf_integrator\windows\reaper_csurf_integrator\release\reaper_csurf_integrator.pdb
d:\reaper_csurf_integrator\windows\reaper_csurf_integrator\release\reaper_csurf_integrator.lib
d:\reaper_csurf_integrator\windows\reaper_csurf_integrator\release\reaper_csurf_integrator.exp
d:\reaper_csurf_integrator\windows\reaper_csurf_integrator\release\reaper_csurf_integrator.ipdb
d:\reaper_csurf_integrator\windows\reaper_csurf_integrator\release\reaper_csurf_integrator.iobj
c:\users\geoffwaddington\desktop\reaper_csurf_integrator\windows\reaper_csurf_integrator\reaper_csurf_integrator\release\control_surface_integrator.obj
c:\users\geoffwaddington\desktop\reaper_csurf_integrator\windows\reaper_csurf_integrator\reaper_csurf_integrator\release\control_surface_integrator_ui.obj
c:\users\geoffwaddington\desktop\reaper_csurf_integrator\windows\reaper_csurf_integrator\reaper_csurf_integrator\release\main.obj
c:\users\geoffwaddington\desktop\reaper_csurf_integrator\windows\reaper_csurf_integrator\reaper_csurf_integrator\release\res.res
c:\users\geoffwaddington\desktop\reaper_csurf_integrator\windows\reaper_csurf_integrator\reaper_csurf_integrator\release\vc142.pdb
c:\users\geoffwaddington\desktop\reaper_csurf_integrator\windows\reaper_csurf_integrator\release\reaper_csurf_integrator.pdb
c:\users\geoffwaddington\desktop\reaper_csurf_integrator\windows\reaper_csurf_integrator\release\reaper_csurf_integrator.dll
c:\users\geoffwaddington\desktop\reaper_csurf_integrator\windows\reaper_csurf_integrator\reaper_csurf_integrator\release\reaper_c.07525c13.tlog\cl.command.1.tlog
c:\users\geoffwaddington\desktop\reaper_csurf_integrator\windows\reaper_csurf_integrator\reaper_csurf_integrator\release\reaper_c.07525c13.tlog\cl.read.1.tlog
c:\users\geoffwaddington\desktop\reaper_csurf_integrator\windows\reaper_csurf_integrator\reaper_csurf_integrator\release\reaper_c.07525c13.tlog\cl.write.1.tlog
c:\users\geoffwaddington\desktop\reaper_csurf_integrator\windows\reaper_csurf_integrator\reaper_csurf_integrator\release\reaper_c.07525c13.tlog\link.command.1.tlog
c:\users\geoffwaddington\desktop\reaper_csurf_integrator\windows\reaper_csurf_integrator\reaper_csurf_integrator\release\reaper_c.07525c13.tlog\link.read.1.tlog
c:\users\geoffwaddington\desktop\reaper_csurf_integrator\windows\reaper_csurf_integrator\reaper_csurf_integrator\release\reaper_c.07525c13.tlog\link.write.1.tlog
c:\users\geoffwaddington\desktop\reaper_csurf_integrator\windows\reaper_csurf_integrator\reaper_csurf_integrator\release\reaper_c.07525c13.tlog\reaper_csurf_integrator.write.1u.tlog
