c:\users\geoffwaddington\desktop\reaper_csurf_integrator\windows\reaper_csurf_integrator\reaper_csurf_integrator\x64\release\vc142.pdb
c:\users\geoffwaddington\desktop\reaper_csurf_integrator\windows\reaper_csurf_integrator\reaper_csurf_integrator\x64\release\main.obj
c:\users\geoffwaddington\desktop\reaper_csurf_integrator\windows\reaper_csurf_integrator\reaper_csurf_integrator\x64\release\control_surface_integrator_ui.obj
c:\users\geoffwaddington\desktop\reaper_csurf_integrator\windows\reaper_csurf_integrator\reaper_csurf_integrator\x64\release\control_surface_integrator.obj
c:\users\geoffwaddington\desktop\reaper_csurf_integrator\windows\reaper_csurf_integrator\x64\release\reaper_csurf_integrator.dll
c:\users\geoffwaddington\desktop\reaper_csurf_integrator\windows\reaper_csurf_integrator\x64\release\reaper_csurf_integrator.pdb
c:\users\geoffwaddington\desktop\reaper_csurf_integrator\windows\reaper_csurf_integrator\reaper_csurf_integrator\x64\release\res.res
c:\users\geoffwaddington\desktop\reaper_csurf_integrator\windows\reaper_csurf_integrator\x64\release\reaper_csurf_integrator.lib
c:\users\geoffwaddington\desktop\reaper_csurf_integrator\windows\reaper_csurf_integrator\x64\release\reaper_csurf_integrator.exp
c:\users\geoffwaddington\desktop\reaper_csurf_integrator\windows\reaper_csurf_integrator\x64\release\reaper_csurf_integrator.ipdb
c:\users\geoffwaddington\desktop\reaper_csurf_integrator\windows\reaper_csurf_integrator\x64\release\reaper_csurf_integrator.iobj
c:\users\geoffwaddington\desktop\reaper_csurf_integrator\windows\reaper_csurf_integrator\reaper_csurf_integrator\x64\release\reaper_c.07525c13.tlog\cl.command.1.tlog
c:\users\geoffwaddington\desktop\reaper_csurf_integrator\windows\reaper_csurf_integrator\reaper_csurf_integrator\x64\release\reaper_c.07525c13.tlog\cl.read.1.tlog
c:\users\geoffwaddington\desktop\reaper_csurf_integrator\windows\reaper_csurf_integrator\reaper_csurf_integrator\x64\release\reaper_c.07525c13.tlog\cl.write.1.tlog
c:\users\geoffwaddington\desktop\reaper_csurf_integrator\windows\reaper_csurf_integrator\reaper_csurf_integrator\x64\release\reaper_c.07525c13.tlog\link.command.1.tlog
c:\users\geoffwaddington\desktop\reaper_csurf_integrator\windows\reaper_csurf_integrator\reaper_csurf_integrator\x64\release\reaper_c.07525c13.tlog\link.delete.1.tlog
c:\users\geoffwaddington\desktop\reaper_csurf_integrator\windows\reaper_csurf_integrator\reaper_csurf_integrator\x64\release\reaper_c.07525c13.tlog\link.read.1.tlog
c:\users\geoffwaddington\desktop\reaper_csurf_integrator\windows\reaper_csurf_integrator\reaper_csurf_integrator\x64\release\reaper_c.07525c13.tlog\link.write.1.tlog
c:\users\geoffwaddington\desktop\reaper_csurf_integrator\windows\reaper_csurf_integrator\reaper_csurf_integrator\x64\release\reaper_c.07525c13.tlog\rc.command.1.tlog
c:\users\geoffwaddington\desktop\reaper_csurf_integrator\windows\reaper_csurf_integrator\reaper_csurf_integrator\x64\release\reaper_c.07525c13.tlog\rc.read.1.tlog
c:\users\geoffwaddington\desktop\reaper_csurf_integrator\windows\reaper_csurf_integrator\reaper_csurf_integrator\x64\release\reaper_c.07525c13.tlog\rc.write.1.tlog
c:\users\geoffwaddington\desktop\reaper_csurf_integrator\windows\reaper_csurf_integrator\reaper_csurf_integrator\x64\release\reaper_c.07525c13.tlog\reaper_csurf_integrator.write.1u.tlog
